<?xml version="1.0" encoding="UTF-8"?>
<testsuite name="nl.tudelft.jpacman.level.MapParserTest" tests="1" skipped="0" failures="0" errors="0" timestamp="2025-04-05T01:57:57" hostname="DESKTOP-VC70SKT" time="1.061">
  <properties/>
  <testcase name="testParseMapWithSingleWall()" classname="nl.tudelft.jpacman.level.MapParserTest" time="1.061"/>
  <system-out><![CDATA[]]></system-out>
  <system-err><![CDATA[]]></system-err>
</testsuite>
