<?xml version="1.0" encoding="UTF-8"?>
<testsuite name="nl.tudelft.jpacman.board.SquareTest" tests="3" skipped="0" failures="0" errors="0" timestamp="2025-04-05T01:57:50" hostname="DESKTOP-VC70SKT" time="0.077">
  <properties/>
  <testcase name="testLeave()" classname="nl.tudelft.jpacman.board.SquareTest" time="0.054"/>
  <testcase name="testOrder()" classname="nl.tudelft.jpacman.board.SquareTest" time="0.017"/>
  <testcase name="testOccupy()" classname="nl.tudelft.jpacman.board.SquareTest" time="0.004"/>
  <system-out><![CDATA[]]></system-out>
  <system-err><![CDATA[]]></system-err>
</testsuite>
