<?xml version="1.0" encoding="UTF-8"?>
<testsuite name="nl.tudelft.jpacman.board.BoardTest" tests="5" skipped="0" failures="0" errors="0" timestamp="2025-04-05T01:57:50" hostname="DESKTOP-VC70SKT" time="0.124">
  <properties/>
  <testcase name="verifyWidth()" classname="nl.tudelft.jpacman.board.BoardTest" time="0.004"/>
  <testcase name="verifyHeight()" classname="nl.tudelft.jpacman.board.BoardTest" time="0.001"/>
  <testcase name="[1] 0, 0" classname="nl.tudelft.jpacman.board.BoardTest" time="0.026"/>
  <testcase name="[2] 1, 2" classname="nl.tudelft.jpacman.board.BoardTest" time="0.001"/>
  <testcase name="[3] 0, 1" classname="nl.tudelft.jpacman.board.BoardTest" time="0.001"/>
  <system-out><![CDATA[]]></system-out>
  <system-err><![CDATA[]]></system-err>
</testsuite>
